<?xml version="1.0" encoding="utf-8"?>
<examples>
  <example>
    <code>Test-CFNTemplate -TemplateBody "{TEMPLATE CONTENT HERE}" </code>
    <description>Validates the specified template content. The output details the capabilities, description and parameters of the template.</description>
  </example>
  <example>
    <code>Test-CFNTemplate -TemplateURL https://s3.amazonaws.com/mytemplates/templatefile.template</code>
    <description>Validates the specified template accessed via an Amazon S3 URL. The output details the capabilities, description and parameters of the template.</description>
  </example>
</examples>